<?xml version="1.0" encoding="UTF-8"?>
<!-- Generated by org.testng.reporters.JUnitXMLReporter -->
<testsuite ignored="0" hostname="DESKTOP-0BETMHI" failures="0" tests="1" name="edgeTest" time="5.196" errors="0" timestamp="2022-09-05T16:13:55 IST">
  <testcase classname="com.test.Testclass" name="@BeforeMethod verifyLoginPage" time="0.001">
    <failure type="java.lang.NoSuchMethodError" message="&amp;apos;void org.openqa.selenium.support.PageFactory.initElements(org.openqa.selenium.WebDriver, java.lang.Object)&amp;apos;">
      <![CDATA[java.lang.NoSuchMethodError: 'void org.openqa.selenium.support.PageFactory.initElements(org.openqa.selenium.WebDriver, java.lang.Object)'
at com.pom.LoginPage.<init>(LoginPage.java:20)
at com.test.Testclass.verifyLoginPage(Testclass.java:50)
at java.base/java.util.ArrayList.forEach(ArrayList.java:1511)
... Removed 29 stack frames]]>
    </failure>
  </testcase> <!-- @BeforeMethod verifyLoginPage -->
  <testcase classname="com.test.Testclass" name="@AfterTest verifySignout" time="-1.662374635552E9">
    <skipped/>
  </testcase> <!-- @AfterTest verifySignout -->
  <testcase classname="com.test.Testclass" name="verifyTheaddtocart" time="0.0">
    <skipped/>
  </testcase> <!-- verifyTheaddtocart -->
</testsuite> <!-- edgeTest -->
