<?xml version="1.0" encoding="UTF-8"?>
<!-- Generated by org.testng.reporters.JUnitXMLReporter -->
<testsuite ignored="0" hostname="DESKTOP-0BETMHI" failures="0" tests="1" name="Test" time="8.007" errors="0" timestamp="04 Sep 2022 04:01:58 GMT">
  <testcase classname="com.test.Testclass" name="@BeforeMethod verifyLoginPage" time="0.007">
    <failure type="java.lang.NoSuchMethodError" message="&amp;apos;void org.openqa.selenium.support.PageFactory.initElements(org.openqa.selenium.WebDriver, java.lang.Object)&amp;apos;">
      <![CDATA[java.lang.NoSuchMethodError: 'void org.openqa.selenium.support.PageFactory.initElements(org.openqa.selenium.WebDriver, java.lang.Object)'
at com.pom.LoginPage.<init>(LoginPage.java:20)
at com.test.Testclass.verifyLoginPage(Testclass.java:38)
... Removed 26 stack frames]]>
    </failure>
  </testcase> <!-- @BeforeMethod verifyLoginPage -->
  <testcase classname="com.test.Testclass" name="@AfterTest verifySignout" time="0.0">
    <skipped/>
  </testcase> <!-- @AfterTest verifySignout -->
  <testcase classname="com.test.Testclass" name="verifyTheaddtocart" time="0.0">
    <skipped/>
  </testcase> <!-- verifyTheaddtocart -->
</testsuite> <!-- Test -->
