<?xml version="1.0" encoding="UTF-8"?>
<testng-results ignored="0" total="1" passed="0" failed="0" skipped="1">
  <reporter-output>
  </reporter-output>
  <suite started-at="2022-09-04T04:01:50Z" name="Suite" finished-at="2022-09-04T04:01:58Z" duration-ms="8007">
    <groups>
    </groups>
    <test started-at="2022-09-04T04:01:50Z" name="Test" finished-at="2022-09-04T04:01:58Z" duration-ms="8007">
      <class name="com.test.Testclass">
        <test-method is-config="true" signature="lunchBrower()[pri:0, instance:com.test.Testclass@710c2b53]" started-at="2022-09-04T04:01:50Z" name="lunchBrower" finished-at="2022-09-04T04:01:58Z" duration-ms="7921" status="PASS">
          <reporter-output>
          </reporter-output>
        </test-method> <!-- lunchBrower -->
        <test-method is-config="true" signature="verifyLoginPage()[pri:0, instance:com.test.Testclass@710c2b53]" started-at="2022-09-04T04:01:58Z" name="verifyLoginPage" finished-at="2022-09-04T04:01:58Z" duration-ms="7" status="FAIL">
          <exception class="java.lang.NoSuchMethodError">
            <message>
              <![CDATA['void org.openqa.selenium.support.PageFactory.initElements(org.openqa.selenium.WebDriver, java.lang.Object)']]>
            </message>
            <full-stacktrace>
              <![CDATA[java.lang.NoSuchMethodError: 'void org.openqa.selenium.support.PageFactory.initElements(org.openqa.selenium.WebDriver, java.lang.Object)'
at com.pom.LoginPage.<init>(LoginPage.java:20)
at com.test.Testclass.verifyLoginPage(Testclass.java:38)
at java.base/jdk.internal.reflect.DirectMethodHandleAccessor.invoke(DirectMethodHandleAccessor.java:104)
at java.base/java.lang.reflect.Method.invoke(Method.java:577)
at org.testng.internal.MethodInvocationHelper.invokeMethod(MethodInvocationHelper.java:124)
at org.testng.internal.MethodInvocationHelper.invokeMethodConsideringTimeout(MethodInvocationHelper.java:59)
at org.testng.internal.Invoker.invokeConfigurationMethod(Invoker.java:458)
at org.testng.internal.Invoker.invokeConfigurations(Invoker.java:222)
at org.testng.internal.Invoker.invokeMethod(Invoker.java:523)
at org.testng.internal.Invoker.invokeTestMethod(Invoker.java:719)
at org.testng.internal.Invoker.invokeTestMethods(Invoker.java:989)
at org.testng.internal.TestMethodWorker.invokeTestMethods(TestMethodWorker.java:125)
at org.testng.internal.TestMethodWorker.run(TestMethodWorker.java:109)
at org.testng.TestRunner.privateRun(TestRunner.java:648)
at org.testng.TestRunner.run(TestRunner.java:505)
at org.testng.SuiteRunner.runTest(SuiteRunner.java:455)
at org.testng.SuiteRunner.runSequentially(SuiteRunner.java:450)
at org.testng.SuiteRunner.privateRun(SuiteRunner.java:415)
at org.testng.SuiteRunner.run(SuiteRunner.java:364)
at org.testng.SuiteRunnerWorker.runSuite(SuiteRunnerWorker.java:52)
at org.testng.SuiteRunnerWorker.run(SuiteRunnerWorker.java:84)
at org.testng.TestNG.runSuitesSequentially(TestNG.java:1208)
at org.testng.TestNG.runSuitesLocally(TestNG.java:1137)
at org.testng.TestNG.runSuites(TestNG.java:1049)
at org.testng.TestNG.run(TestNG.java:1017)
at org.testng.remote.AbstractRemoteTestNG.run(AbstractRemoteTestNG.java:115)
at org.testng.remote.RemoteTestNG.initAndRun(RemoteTestNG.java:251)
at org.testng.remote.RemoteTestNG.main(RemoteTestNG.java:77)
]]>
            </full-stacktrace>
          </exception> <!-- java.lang.NoSuchMethodError -->
          <reporter-output>
          </reporter-output>
        </test-method> <!-- verifyLoginPage -->
        <test-method signature="verifyTheaddtocart()[pri:0, instance:com.test.Testclass@710c2b53]" started-at="2022-09-04T04:01:58Z" name="verifyTheaddtocart" finished-at="2022-09-04T04:01:58Z" duration-ms="0" status="SKIP">
          <exception class="java.lang.NoSuchMethodError">
            <message>
              <![CDATA['void org.openqa.selenium.support.PageFactory.initElements(org.openqa.selenium.WebDriver, java.lang.Object)']]>
            </message>
            <full-stacktrace>
              <![CDATA[java.lang.NoSuchMethodError: 'void org.openqa.selenium.support.PageFactory.initElements(org.openqa.selenium.WebDriver, java.lang.Object)'
at com.pom.LoginPage.<init>(LoginPage.java:20)
at com.test.Testclass.verifyLoginPage(Testclass.java:38)
at java.base/jdk.internal.reflect.DirectMethodHandleAccessor.invoke(DirectMethodHandleAccessor.java:104)
at java.base/java.lang.reflect.Method.invoke(Method.java:577)
at org.testng.internal.MethodInvocationHelper.invokeMethod(MethodInvocationHelper.java:124)
at org.testng.internal.MethodInvocationHelper.invokeMethodConsideringTimeout(MethodInvocationHelper.java:59)
at org.testng.internal.Invoker.invokeConfigurationMethod(Invoker.java:458)
at org.testng.internal.Invoker.invokeConfigurations(Invoker.java:222)
at org.testng.internal.Invoker.invokeMethod(Invoker.java:523)
at org.testng.internal.Invoker.invokeTestMethod(Invoker.java:719)
at org.testng.internal.Invoker.invokeTestMethods(Invoker.java:989)
at org.testng.internal.TestMethodWorker.invokeTestMethods(TestMethodWorker.java:125)
at org.testng.internal.TestMethodWorker.run(TestMethodWorker.java:109)
at org.testng.TestRunner.privateRun(TestRunner.java:648)
at org.testng.TestRunner.run(TestRunner.java:505)
at org.testng.SuiteRunner.runTest(SuiteRunner.java:455)
at org.testng.SuiteRunner.runSequentially(SuiteRunner.java:450)
at org.testng.SuiteRunner.privateRun(SuiteRunner.java:415)
at org.testng.SuiteRunner.run(SuiteRunner.java:364)
at org.testng.SuiteRunnerWorker.runSuite(SuiteRunnerWorker.java:52)
at org.testng.SuiteRunnerWorker.run(SuiteRunnerWorker.java:84)
at org.testng.TestNG.runSuitesSequentially(TestNG.java:1208)
at org.testng.TestNG.runSuitesLocally(TestNG.java:1137)
at org.testng.TestNG.runSuites(TestNG.java:1049)
at org.testng.TestNG.run(TestNG.java:1017)
at org.testng.remote.AbstractRemoteTestNG.run(AbstractRemoteTestNG.java:115)
at org.testng.remote.RemoteTestNG.initAndRun(RemoteTestNG.java:251)
at org.testng.remote.RemoteTestNG.main(RemoteTestNG.java:77)
]]>
            </full-stacktrace>
          </exception> <!-- java.lang.NoSuchMethodError -->
          <reporter-output>
          </reporter-output>
        </test-method> <!-- verifyTheaddtocart -->
        <test-method is-config="true" signature="verifySignout(org.testng.ITestResult)[pri:0, instance:com.test.Testclass@710c2b53]" started-at="2022-09-04T04:01:58Z" name="verifySignout" finished-at="2022-09-04T04:01:58Z" duration-ms="0" status="SKIP">
          <reporter-output>
          </reporter-output>
        </test-method> <!-- verifySignout -->
      </class> <!-- com.test.Testclass -->
    </test> <!-- Test -->
  </suite> <!-- Suite -->
</testng-results>
